d:\projectset\projectset\projectset\x64\debug\vc143.pdb
d:\projectset\projectset\projectset\x64\debug\vc143.idb
d:\projectset\projectset\projectset\x64\debug\windows.obj
d:\projectset\projectset\projectset\x64\debug\wndproc.obj
d:\projectset\projectset\projectset\x64\debug\std.ixx.ifc
d:\projectset\projectset\projectset\x64\debug\std.ixx.ifc.d.json
d:\projectset\projectset\projectset\x64\debug\std.ixx.obj
d:\projectset\projectset\projectset\x64\debug\std.compat.ixx.ifc
d:\projectset\projectset\projectset\x64\debug\std.compat.ixx.ifc.d.json
d:\projectset\projectset\projectset\x64\debug\std.compat.ixx.obj
d:\projectset\projectset\projectset\x64\debug\main.obj
d:\projectset\projectset\projectset\x64\debug\errors.obj
d:\projectset\projectset\x64\debug\projectset.exe
d:\projectset\projectset\projectset\x64\debug\projectset.ilk
d:\projectset\projectset\x64\debug\projectset.pdb
d:\projectset\projectset\projectset\x64\debug\std.compat.ixx.module.json
d:\projectset\projectset\projectset\x64\debug\std.ixx.module.json
d:\projectset\projectset\projectset\x64\debug\projectset.tlog\cl.command.1.tlog
d:\projectset\projectset\projectset\x64\debug\projectset.tlog\cl.items.tlog
d:\projectset\projectset\projectset\x64\debug\projectset.tlog\cl.read.1.tlog
d:\projectset\projectset\projectset\x64\debug\projectset.tlog\cl.write.1.tlog
d:\projectset\projectset\projectset\x64\debug\projectset.tlog\link.command.1.tlog
d:\projectset\projectset\projectset\x64\debug\projectset.tlog\link.read.1.tlog
d:\projectset\projectset\projectset\x64\debug\projectset.tlog\link.write.1.tlog
d:\projectset\projectset\projectset\x64\debug\projectset_md.tlog\cl.command.1.tlog
d:\projectset\projectset\projectset\x64\debug\projectset_md.tlog\microsoft.build.cpptasks.cl.read.1.tlog
d:\projectset\projectset\projectset\x64\debug\projectset_md.tlog\microsoft.build.cpptasks.cl.write.1.tlog
